<?xml version="1.0" encoding="UTF-8"?>
<!-- Generated by org.testng.reporters.JUnitReportReporter -->
<testsuite skipped="0" hostname="KT-Gopal" name="TestCases.Select_Parts_To_Order_Page_Test" tests="3" failures="0" timestamp="02 Feb 2018 14:26:58 GMT" time="86.114" errors="0">
  <testcase name="To_Verify_ADD_TO_CART" time="27.014" classname="TestCases.Select_Parts_To_Order_Page_Test"/>
  <testcase name="To_Verify_Quick_ADD" time="26.391" classname="TestCases.Select_Parts_To_Order_Page_Test"/>
  <testcase name="To_Verify_Create_PO" time="32.709" classname="TestCases.Select_Parts_To_Order_Page_Test"/>
</testsuite> <!-- TestCases.Select_Parts_To_Order_Page_Test -->
