<?xml version="1.0" encoding="UTF-8"?>
<!-- Generated by org.testng.reporters.JUnitReportReporter -->
<testsuite skipped="0" hostname="KT-Gopal" name="TestCases.Manage_Purchase_Orders_Partial_Status_Test" tests="1" failures="0" timestamp="12 Feb 2018 13:06:47 GMT" time="76.880" errors="0">
  <testcase name="To_Verify_PO_Partial_Status_AND_LOGs" time="76.880" classname="TestCases.Manage_Purchase_Orders_Partial_Status_Test"/>
</testsuite> <!-- TestCases.Manage_Purchase_Orders_Partial_Status_Test -->
