<?xml version="1.0" encoding="UTF-8"?>
<!-- Generated by org.testng.reporters.JUnitReportReporter -->
<testsuite skipped="1" hostname="KT-Gopal" name="TestCases.Product_Page_Test_For_Reverse_PO_Product" tests="1" failures="0" timestamp="01 Mar 2018 11:20:01 GMT" time="0.000" errors="0">
  <testcase name="To_verify_Part_stock_Logs" time="0.000" classname="TestCases.Product_Page_Test_For_Reverse_PO_Product">
    <skipped/>
  </testcase> <!-- To_verify_Part_stock_Logs -->
</testsuite> <!-- TestCases.Product_Page_Test_For_Reverse_PO_Product -->
