<?xml version="1.0" encoding="UTF-8"?>
<!-- Generated by org.testng.reporters.JUnitReportReporter -->
<testsuite skipped="1" hostname="KT-Gopal" name="TestCases.Manage_Purchase_Orders_Test" tests="1" failures="0" timestamp="01 Mar 2018 11:20:01 GMT" time="0.000" errors="0">
  <testcase name="To_Verify_PO_Partial_Status_AND_LOGs" time="0.000" classname="TestCases.Manage_Purchase_Orders_Test">
    <skipped/>
  </testcase> <!-- To_Verify_PO_Partial_Status_AND_LOGs -->
</testsuite> <!-- TestCases.Manage_Purchase_Orders_Test -->
