<?xml version="1.0" encoding="UTF-8"?>
<!-- Generated by org.testng.reporters.JUnitReportReporter -->
<testsuite skipped="0" hostname="KT-Gopal" name="TestCases.Create_Reverse_PO_with_Partial_Status" tests="1" failures="0" timestamp="16 Feb 2018 13:50:46 GMT" time="127.064" errors="0">
  <testcase name="To_Verify_Create_RPO_with_Partial_Status" time="127.064" classname="TestCases.Create_Reverse_PO_with_Partial_Status"/>
</testsuite> <!-- TestCases.Create_Reverse_PO_with_Partial_Status -->
